# JRE version: Java(TM) SE Runtime Environment 18.9 (11.0.17+10) (build 11.0.17+10-LTS-269)
# Java VM: Java HotSpot(TM) 64-Bit Server VM 18.9 (11.0.17+10-LTS-269, mixed mode, tiered, compressed oops, g1 gc, windows-amd64)
Heap:
 garbage-first heap   total 385024K, used 179063K [0x0000000080000000, 0x0000000100000000)
  region size 1024K, 6 young (6144K), 6 survivors (6144K)
 Metaspace       used 108061K, capacity 112860K, committed 113180K, reserved 614400K
  class space    used 14397K, capacity 16205K, committed 16288K, reserved 516096K
GC Heap History (10 events):
Event: 49.369 GC heap after
{Heap after GC invocations=50 (full 0):
 garbage-first heap   total 220160K, used 150957K [0x0000000080000000, 0x0000000100000000)
  region size 1024K, 4 young (4096K), 4 survivors (4096K)
 Metaspace       used 98856K, capacity 103180K, committed 103452K, reserved 606208K
  class space    used 13237K, capacity 14892K, committed 15008K, reserved 516096K
}
Event: 49.824 GC heap before
{Heap before GC invocations=50 (full 0):
 garbage-first heap   total 220160K, used 174509K [0x0000000080000000, 0x0000000100000000)
  region size 1024K, 27 young (27648K), 4 survivors (4096K)
 Metaspace       used 99898K, capacity 104555K, committed 104604K, reserved 606208K
  class space    used 13374K, capacity 15129K, committed 15136K, reserved 516096K
}
Event: 49.845 GC heap after
{Heap after GC invocations=51 (full 0):
 garbage-first heap   total 278528K, used 155948K [0x0000000080000000, 0x0000000100000000)
  region size 1024K, 4 young (4096K), 4 survivors (4096K)
 Metaspace       used 99898K, capacity 104555K, committed 104604K, reserved 606208K
  class space    used 13374K, capacity 15129K, committed 15136K, reserved 516096K
}
Event: 50.952 GC heap before
{Heap before GC invocations=52 (full 0):
 garbage-first heap   total 278528K, used 196908K [0x0000000080000000, 0x0000000100000000)
  region size 1024K, 44 young (45056K), 4 survivors (4096K)
 Metaspace       used 104443K, capacity 109093K, committed 109212K, reserved 610304K
  class space    used 14017K, capacity 15794K, committed 15904K, reserved 516096K
}
Event: 50.969 GC heap after
{Heap after GC invocations=53 (full 0):
 garbage-first heap   total 278528K, used 158600K [0x0000000080000000, 0x0000000100000000)
  region size 1024K, 3 young (3072K), 3 survivors (3072K)
 Metaspace       used 104443K, capacity 109093K, committed 109212K, reserved 610304K
  class space    used 14017K, capacity 15794K, committed 15904K, reserved 516096K
}
Event: 51.854 GC heap before
{Heap before GC invocations=53 (full 0):
 garbage-first heap   total 278528K, used 201608K [0x0000000080000000, 0x0000000100000000)
  region size 1024K, 45 young (46080K), 3 survivors (3072K)
 Metaspace       used 106255K, capacity 111042K, committed 111132K, reserved 612352K
  class space    used 14224K, capacity 16014K, committed 16032K, reserved 516096K
}
Event: 51.886 GC heap after
{Heap after GC invocations=54 (full 0):
 garbage-first heap   total 278528K, used 166083K [0x0000000080000000, 0x0000000100000000)
  region size 1024K, 6 young (6144K), 6 survivors (6144K)
 Metaspace       used 106255K, capacity 111042K, committed 111132K, reserved 612352K
  class space    used 14224K, capacity 16014K, committed 16032K, reserved 516096K
}
Event: 53.019 GC heap before
{Heap before GC invocations=55 (full 0):
 garbage-first heap   total 278528K, used 208067K [0x0000000080000000, 0x0000000100000000)
  region size 1024K, 47 young (48128K), 6 survivors (6144K)
 Metaspace       used 107759K, capacity 112469K, committed 112668K, reserved 614400K
  class space    used 14386K, capacity 16205K, committed 16288K, reserved 516096K
}
Event: 53.060 GC heap after
{Heap after GC invocations=56 (full 0):
 garbage-first heap   total 278528K, used 173056K [0x0000000080000000, 0x0000000100000000)
  region size 1024K, 6 young (6144K), 6 survivors (6144K)
 Metaspace       used 107759K, capacity 112469K, committed 112668K, reserved 614400K
  class space    used 14386K, capacity 16205K, committed 16288K, reserved 516096K
}
Event: 53.943 GC heap before
{Heap before GC invocations=56 (full 0):
 garbage-first heap   total 278528K, used 215040K [0x0000000080000000, 0x0000000100000000)
  region size 1024K, 47 young (48128K), 6 survivors (6144K)
 Metaspace       used 108061K, capacity 112860K, committed 113180K, reserved 614400K
  class space    used 14397K, capacity 16205K, committed 16288K, reserved 516096K
}

