# JRE version: Java(TM) SE Runtime Environment 18.9 (11.0.17+10) (build 11.0.17+10-LTS-269)
# Java VM: Java HotSpot(TM) 64-Bit Server VM 18.9 (11.0.17+10-LTS-269, mixed mode, tiered, compressed oops, g1 gc, windows-amd64)
Heap:
 garbage-first heap   total 183296K, used 100754K [0x0000000080000000, 0x0000000100000000)
  region size 1024K, 38 young (38912K), 12 survivors (12288K)
 Metaspace       used 79006K, capacity 81175K, committed 81308K, reserved 587776K
  class space    used 10379K, capacity 11278K, committed 11296K, reserved 516096K
GC Heap History (10 events):
Event: 18.327 GC heap before
{Heap before GC invocations=11 (full 0):
 garbage-first heap   total 183296K, used 135709K [0x0000000080000000, 0x0000000100000000)
  region size 1024K, 106 young (108544K), 11 survivors (11264K)
 Metaspace       used 54293K, capacity 55854K, committed 56188K, reserved 565248K
  class space    used 7160K, capacity 7827K, committed 7936K, reserved 516096K
}
Event: 18.349 GC heap after
{Heap after GC invocations=12 (full 0):
 garbage-first heap   total 183296K, used 43832K [0x0000000080000000, 0x0000000100000000)
  region size 1024K, 10 young (10240K), 10 survivors (10240K)
 Metaspace       used 54293K, capacity 55854K, committed 56188K, reserved 565248K
  class space    used 7160K, capacity 7827K, committed 7936K, reserved 516096K
}
Event: 19.137 GC heap before
{Heap before GC invocations=12 (full 0):
 garbage-first heap   total 183296K, used 91960K [0x0000000080000000, 0x0000000100000000)
  region size 1024K, 58 young (59392K), 10 survivors (10240K)
 Metaspace       used 58049K, capacity 59691K, committed 59728K, reserved 569344K
  class space    used 7699K, capacity 8381K, committed 8404K, reserved 516096K
}
Event: 19.154 GC heap after
{Heap after GC invocations=13 (full 0):
 garbage-first heap   total 183296K, used 45866K [0x0000000080000000, 0x0000000100000000)
  region size 1024K, 8 young (8192K), 8 survivors (8192K)
 Metaspace       used 58049K, capacity 59691K, committed 59728K, reserved 569344K
  class space    used 7699K, capacity 8381K, committed 8404K, reserved 516096K
}
Event: 20.590 GC heap before
{Heap before GC invocations=14 (full 0):
 garbage-first heap   total 183296K, used 130858K [0x0000000080000000, 0x0000000100000000)
  region size 1024K, 91 young (93184K), 8 survivors (8192K)
 Metaspace       used 63170K, capacity 65016K, committed 65180K, reserved 573440K
  class space    used 8381K, capacity 9165K, committed 9248K, reserved 516096K
}
Event: 20.610 GC heap after
{Heap after GC invocations=15 (full 0):
 garbage-first heap   total 183296K, used 49693K [0x0000000080000000, 0x0000000100000000)
  region size 1024K, 6 young (6144K), 6 survivors (6144K)
 Metaspace       used 63170K, capacity 65016K, committed 65180K, reserved 573440K
  class space    used 8381K, capacity 9165K, committed 9248K, reserved 516096K
}
Event: 22.876 GC heap before
{Heap before GC invocations=16 (full 0):
 garbage-first heap   total 183296K, used 134685K [0x0000000080000000, 0x0000000100000000)
  region size 1024K, 90 young (92160K), 6 survivors (6144K)
 Metaspace       used 69234K, capacity 71374K, committed 71452K, reserved 577536K
  class space    used 9218K, capacity 10095K, committed 10144K, reserved 516096K
}
Event: 22.897 GC heap after
{Heap after GC invocations=17 (full 0):
 garbage-first heap   total 183296K, used 55120K [0x0000000080000000, 0x0000000100000000)
  region size 1024K, 11 young (11264K), 11 survivors (11264K)
 Metaspace       used 69234K, capacity 71374K, committed 71452K, reserved 577536K
  class space    used 9218K, capacity 10095K, committed 10144K, reserved 516096K
}
Event: 25.518 GC heap before
{Heap before GC invocations=17 (full 0):
 garbage-first heap   total 183296K, used 145232K [0x0000000080000000, 0x0000000100000000)
  region size 1024K, 93 young (95232K), 11 survivors (11264K)
 Metaspace       used 77354K, capacity 79511K, committed 79644K, reserved 585728K
  class space    used 10161K, capacity 11049K, committed 11168K, reserved 516096K
}
Event: 25.556 GC heap after
{Heap after GC invocations=18 (full 0):
 garbage-first heap   total 183296K, used 70034K [0x0000000080000000, 0x0000000100000000)
  region size 1024K, 12 young (12288K), 12 survivors (12288K)
 Metaspace       used 77354K, capacity 79511K, committed 79644K, reserved 585728K
  class space    used 10161K, capacity 11049K, committed 11168K, reserved 516096K
}

