# JRE version: Java(TM) SE Runtime Environment 18.9 (11.0.17+10) (build 11.0.17+10-LTS-269)
# Java VM: Java HotSpot(TM) 64-Bit Server VM 18.9 (11.0.17+10-LTS-269, mixed mode, tiered, compressed oops, g1 gc, windows-amd64)
Heap:
 garbage-first heap   total 152576K, used 107504K [0x0000000080000000, 0x0000000100000000)
  region size 1024K, 1 young (1024K), 1 survivors (1024K)
 Metaspace       used 91796K, capacity 95183K, committed 95484K, reserved 598016K
  class space    used 12307K, capacity 13650K, committed 13696K, reserved 516096K
GC Heap History (10 events):
Event: 47.568 GC heap after
{Heap after GC invocations=45 (full 0):
 garbage-first heap   total 126976K, used 103819K [0x0000000080000000, 0x0000000100000000)
  region size 1024K, 2 young (2048K), 2 survivors (2048K)
 Metaspace       used 91445K, capacity 94655K, committed 94972K, reserved 598016K
  class space    used 12290K, capacity 13596K, committed 13696K, reserved 516096K
}
Event: 47.751 GC heap before
{Heap before GC invocations=46 (full 0):
 garbage-first heap   total 126976K, used 108939K [0x0000000080000000, 0x0000000100000000)
  region size 1024K, 7 young (7168K), 2 survivors (2048K)
 Metaspace       used 91566K, capacity 94893K, committed 94972K, reserved 598016K
  class space    used 12306K, capacity 13648K, committed 13696K, reserved 516096K
}
Event: 47.768 GC heap after
{Heap after GC invocations=47 (full 0):
 garbage-first heap   total 126976K, used 105090K [0x0000000080000000, 0x0000000100000000)
  region size 1024K, 1 young (1024K), 1 survivors (1024K)
 Metaspace       used 91566K, capacity 94893K, committed 94972K, reserved 598016K
  class space    used 12306K, capacity 13648K, committed 13696K, reserved 516096K
}
Event: 47.957 GC heap before
{Heap before GC invocations=47 (full 0):
 garbage-first heap   total 126976K, used 110210K [0x0000000080000000, 0x0000000100000000)
  region size 1024K, 6 young (6144K), 1 survivors (1024K)
 Metaspace       used 91634K, capacity 95026K, committed 95228K, reserved 598016K
  class space    used 12306K, capacity 13648K, committed 13696K, reserved 516096K
}
Event: 47.962 GC heap after
{Heap after GC invocations=48 (full 0):
 garbage-first heap   total 126976K, used 106334K [0x0000000080000000, 0x0000000100000000)
  region size 1024K, 1 young (1024K), 1 survivors (1024K)
 Metaspace       used 91634K, capacity 95026K, committed 95228K, reserved 598016K
  class space    used 12306K, capacity 13648K, committed 13696K, reserved 516096K
}
Event: 48.222 GC heap before
{Heap before GC invocations=48 (full 0):
 garbage-first heap   total 126976K, used 110430K [0x0000000080000000, 0x0000000100000000)
  region size 1024K, 6 young (6144K), 1 survivors (1024K)
 Metaspace       used 91752K, capacity 95171K, committed 95228K, reserved 598016K
  class space    used 12307K, capacity 13650K, committed 13696K, reserved 516096K
}
Event: 48.227 GC heap after
{Heap after GC invocations=49 (full 0):
 garbage-first heap   total 126976K, used 107215K [0x0000000080000000, 0x0000000100000000)
  region size 1024K, 1 young (1024K), 1 survivors (1024K)
 Metaspace       used 91752K, capacity 95171K, committed 95228K, reserved 598016K
  class space    used 12307K, capacity 13650K, committed 13696K, reserved 516096K
}
Event: 48.364 GC heap before
{Heap before GC invocations=49 (full 0):
 garbage-first heap   total 126976K, used 111311K [0x0000000080000000, 0x0000000100000000)
  region size 1024K, 6 young (6144K), 1 survivors (1024K)
 Metaspace       used 91782K, capacity 95178K, committed 95228K, reserved 598016K
  class space    used 12307K, capacity 13650K, committed 13696K, reserved 516096K
}
Event: 48.369 GC heap after
{Heap after GC invocations=50 (full 0):
 garbage-first heap   total 126976K, used 107353K [0x0000000080000000, 0x0000000100000000)
  region size 1024K, 1 young (1024K), 1 survivors (1024K)
 Metaspace       used 91782K, capacity 95178K, committed 95228K, reserved 598016K
  class space    used 12307K, capacity 13650K, committed 13696K, reserved 516096K
}
Event: 48.510 GC heap before
{Heap before GC invocations=50 (full 0):
 garbage-first heap   total 126976K, used 111449K [0x0000000080000000, 0x0000000100000000)
  region size 1024K, 6 young (6144K), 1 survivors (1024K)
 Metaspace       used 91796K, capacity 95183K, committed 95484K, reserved 598016K
  class space    used 12307K, capacity 13650K, committed 13696K, reserved 516096K
}

